#
# A fatal error has been detected by the Java Runtime Environment:
#
#  Internal Error (./open/src/hotspot/share/interpreter/oopMapCache.cpp:111), pid=3852, tid=10096
#  Error: ShouldNotReachHere()
#
# JRE version: Java(TM) SE Runtime Environment (14.0.2+12) (build 14.0.2+12-46)
# Java VM: Java HotSpot(TM) 64-Bit Server VM (14.0.2+12-46, mixed mode, sharing, tiered, compressed oops, g1 gc, windows-amd64)
# No core dump will be written. Minidumps are not enabled by default on client versions of Windows
#
# If you would like to submit a bug report, please visit:
#   https://bugreport.java.com/bugreport/crash.jsp
#

---------------  S U M M A R Y ------------

Command Line: -agentlib:jdwp=transport=dt_socket,address=127.0.0.1:49806,suspend=y,server=n -ea -Didea.test.cyclic.buffer.size=1048576 -javaagent:C:\Users\12164\AppData\Local\JetBrains\IntelliJIdea2020.3\captureAgent\debugger-agent.jar -Dfile.encoding=GBK com.intellij.rt.junit.JUnitStarter -ideVersion5 -junit4 com.leetcode.algorithm.No132.SolutionTest,minCut

Host: Intel(R) Core(TM) i7-9750H CPU @ 2.60GHz, 12 cores, 15G,  Windows 10 , 64 bit Build 19041 (10.0.19041.804)
Time: Tue Mar  9 14:57:31 2021 中国标准时间 elapsed time: 254 seconds (0d 0h 4m 14s)

---------------  T H R E A D  ---------------

Current thread (0x000002b8fbab8000):  JavaThread "JDWP Transport Listener: dt_socket" daemon [_thread_in_vm, id=10096, stack(0x000000c172600000,0x000000c172700000)] _threads_hazard_ptr=0x000002b8fbce2fe0

Stack: [0x000000c172600000,0x000000c172700000]
Native frames: (J=compiled Java code, j=interpreted, Vv=VM code, C=native code)
V  [jvm.dll+0x5f8a9a]
V  [jvm.dll+0x74247a]
V  [jvm.dll+0x743c2f]
V  [jvm.dll+0x744227]
V  [jvm.dll+0x20d20c]
V  [jvm.dll+0x20d173]
V  [jvm.dll+0x5e7b7f]
V  [jvm.dll+0x5e78dd]
V  [jvm.dll+0x5af8e3]
V  [jvm.dll+0x739aef]
V  [jvm.dll+0x4bee61]
V  [jvm.dll+0x74908b]
V  [jvm.dll+0x4a54ee]
V  [jvm.dll+0x46ee7b]
C  [jdwp.dll+0x751f]


---------------  P R O C E S S  ---------------

Threads class SMR info:
_java_thread_list=0x000002b8fbce2fe0, length=14, elements={
0x000002b8d6ef2800, 0x000002b8fb056800, 0x000002b8fb058800, 0x000002b8fb900800,
0x000002b8fb906800, 0x000002b8fb907800, 0x000002b8fb90d000, 0x000002b8fb90e000,
0x000002b8fb911000, 0x000002b8fb8f0800, 0x000002b8fbab8000, 0x000002b8fbab9800,
0x000002b8fbab1800, 0x000002b8fbcb6800
}

Java Threads: ( => current thread )
  0x000002b8d6ef2800 JavaThread "main" [_thread_blocked, id=13848, stack(0x000000c171500000,0x000000c171600000)]
  0x000002b8fb056800 JavaThread "Reference Handler" daemon [_thread_blocked, id=16648, stack(0x000000c171c00000,0x000000c171d00000)]
  0x000002b8fb058800 JavaThread "Finalizer" daemon [_thread_blocked, id=8832, stack(0x000000c171d00000,0x000000c171e00000)]
  0x000002b8fb900800 JavaThread "Signal Dispatcher" daemon [_thread_blocked, id=5336, stack(0x000000c171e00000,0x000000c171f00000)]
  0x000002b8fb906800 JavaThread "Attach Listener" daemon [_thread_blocked, id=7372, stack(0x000000c171f00000,0x000000c172000000)]
  0x000002b8fb907800 JavaThread "Service Thread" daemon [_thread_blocked, id=10916, stack(0x000000c172000000,0x000000c172100000)]
  0x000002b8fb90d000 JavaThread "C2 CompilerThread0" daemon [_thread_blocked, id=13776, stack(0x000000c172100000,0x000000c172200000)]
  0x000002b8fb90e000 JavaThread "C1 CompilerThread0" daemon [_thread_blocked, id=7868, stack(0x000000c172200000,0x000000c172300000)]
  0x000002b8fb911000 JavaThread "Sweeper thread" daemon [_thread_blocked, id=13564, stack(0x000000c172300000,0x000000c172400000)]
  0x000002b8fb8f0800 JavaThread "Common-Cleaner" daemon [_thread_blocked, id=3232, stack(0x000000c172400000,0x000000c172500000)]
=>0x000002b8fbab8000 JavaThread "JDWP Transport Listener: dt_socket" daemon [_thread_in_vm, id=10096, stack(0x000000c172600000,0x000000c172700000)] _threads_hazard_ptr=0x000002b8fbce2fe0
  0x000002b8fbab9800 JavaThread "JDWP Event Helper Thread" daemon [_thread_blocked, id=15488, stack(0x000000c172700000,0x000000c172800000)]
  0x000002b8fbab1800 JavaThread "JDWP Command Reader" daemon [_thread_in_native, id=14364, stack(0x000000c172800000,0x000000c172900000)]
  0x000002b8fbcb6800 JavaThread "Notification Thread" daemon [_thread_blocked, id=12564, stack(0x000000c172900000,0x000000c172a00000)]

Other Threads:
  0x000002b8fb04f800 VMThread "VM Thread" [stack: 0x000000c171b00000,0x000000c171c00000] [id=2136]
  0x000002b8fbcb8000 WatcherThread [stack: 0x000000c172a00000,0x000000c172b00000] [id=6136]
  0x000002b8d6f59800 GCTaskThread "GC Thread#0" [stack: 0x000000c171600000,0x000000c171700000] [id=4624]
  0x000002b8d6f7a800 ConcurrentGCThread "G1 Main Marker" [stack: 0x000000c171700000,0x000000c171800000] [id=11708]
  0x000002b8d6f7b800 ConcurrentGCThread "G1 Conc#0" [stack: 0x000000c171800000,0x000000c171900000] [id=2140]
  0x000002b8faf3b000 ConcurrentGCThread "G1 Refine#0" [stack: 0x000000c171900000,0x000000c171a00000] [id=4660]
  0x000002b8faf3c800 ConcurrentGCThread "G1 Young RemSet Sampling" [stack: 0x000000c171a00000,0x000000c171b00000] [id=9604]

Threads with active compile tasks:

VM state:not at safepoint (normal execution)

VM Mutex/Monitor currently owned by a thread: None

Heap address: 0x0000000702400000, size: 4060 MB, Compressed Oops mode: Zero based, Oop shift amount: 3
Narrow klass base: 0x0000000800000000, Narrow klass shift: 3
Compressed class space size: 1073741824 Address: 0x0000000800b30000

Heap:
 garbage-first heap   total 260096K, used 7168K [0x0000000702400000, 0x0000000800000000)
  region size 1024K, 8 young (8192K), 0 survivors (0K)
 Metaspace       used 2256K, capacity 5377K, committed 5504K, reserved 1056768K
  class space    used 249K, capacity 537K, committed 640K, reserved 1048576K
Heap Regions: E=young(eden), S=young(survivor), O=old, HS=humongous(starts), HC=humongous(continues), CS=collection set, F=free, OA=open archive, CA=closed archive, TAMS=top-at-mark-start (previous, next)
|   0|0x0000000702400000, 0x0000000702400000, 0x0000000702500000|  0%| F|  |TAMS 0x0000000702400000, 0x0000000702400000| Untracked 
|   1|0x0000000702500000, 0x0000000702500000, 0x0000000702600000|  0%| F|  |TAMS 0x0000000702500000, 0x0000000702500000| Untracked 
|   2|0x0000000702600000, 0x0000000702600000, 0x0000000702700000|  0%| F|  |TAMS 0x0000000702600000, 0x0000000702600000| Untracked 
|   3|0x0000000702700000, 0x0000000702700000, 0x0000000702800000|  0%| F|  |TAMS 0x0000000702700000, 0x0000000702700000| Untracked 
|   4|0x0000000702800000, 0x0000000702800000, 0x0000000702900000|  0%| F|  |TAMS 0x0000000702800000, 0x0000000702800000| Untracked 
|   5|0x0000000702900000, 0x0000000702900000, 0x0000000702a00000|  0%| F|  |TAMS 0x0000000702900000, 0x0000000702900000| Untracked 
|   6|0x0000000702a00000, 0x0000000702a00000, 0x0000000702b00000|  0%| F|  |TAMS 0x0000000702a00000, 0x0000000702a00000| Untracked 
|   7|0x0000000702b00000, 0x0000000702b00000, 0x0000000702c00000|  0%| F|  |TAMS 0x0000000702b00000, 0x0000000702b00000| Untracked 
|   8|0x0000000702c00000, 0x0000000702c00000, 0x0000000702d00000|  0%| F|  |TAMS 0x0000000702c00000, 0x0000000702c00000| Untracked 
|   9|0x0000000702d00000, 0x0000000702d00000, 0x0000000702e00000|  0%| F|  |TAMS 0x0000000702d00000, 0x0000000702d00000| Untracked 
|  10|0x0000000702e00000, 0x0000000702e00000, 0x0000000702f00000|  0%| F|  |TAMS 0x0000000702e00000, 0x0000000702e00000| Untracked 
|  11|0x0000000702f00000, 0x0000000702f00000, 0x0000000703000000|  0%| F|  |TAMS 0x0000000702f00000, 0x0000000702f00000| Untracked 
|  12|0x0000000703000000, 0x0000000703000000, 0x0000000703100000|  0%| F|  |TAMS 0x0000000703000000, 0x0000000703000000| Untracked 
|  13|0x0000000703100000, 0x0000000703100000, 0x0000000703200000|  0%| F|  |TAMS 0x0000000703100000, 0x0000000703100000| Untracked 
|  14|0x0000000703200000, 0x0000000703200000, 0x0000000703300000|  0%| F|  |TAMS 0x0000000703200000, 0x0000000703200000| Untracked 
|  15|0x0000000703300000, 0x0000000703300000, 0x0000000703400000|  0%| F|  |TAMS 0x0000000703300000, 0x0000000703300000| Untracked 
|  16|0x0000000703400000, 0x0000000703400000, 0x0000000703500000|  0%| F|  |TAMS 0x0000000703400000, 0x0000000703400000| Untracked 
|  17|0x0000000703500000, 0x0000000703500000, 0x0000000703600000|  0%| F|  |TAMS 0x0000000703500000, 0x0000000703500000| Untracked 
|  18|0x0000000703600000, 0x0000000703600000, 0x0000000703700000|  0%| F|  |TAMS 0x0000000703600000, 0x0000000703600000| Untracked 
|  19|0x0000000703700000, 0x0000000703700000, 0x0000000703800000|  0%| F|  |TAMS 0x0000000703700000, 0x0000000703700000| Untracked 
|  20|0x0000000703800000, 0x0000000703800000, 0x0000000703900000|  0%| F|  |TAMS 0x0000000703800000, 0x0000000703800000| Untracked 
|  21|0x0000000703900000, 0x0000000703900000, 0x0000000703a00000|  0%| F|  |TAMS 0x0000000703900000, 0x0000000703900000| Untracked 
|  22|0x0000000703a00000, 0x0000000703a00000, 0x0000000703b00000|  0%| F|  |TAMS 0x0000000703a00000, 0x0000000703a00000| Untracked 
|  23|0x0000000703b00000, 0x0000000703b00000, 0x0000000703c00000|  0%| F|  |TAMS 0x0000000703b00000, 0x0000000703b00000| Untracked 
|  24|0x0000000703c00000, 0x0000000703c00000, 0x0000000703d00000|  0%| F|  |TAMS 0x0000000703c00000, 0x0000000703c00000| Untracked 
|  25|0x0000000703d00000, 0x0000000703d00000, 0x0000000703e00000|  0%| F|  |TAMS 0x0000000703d00000, 0x0000000703d00000| Untracked 
|  26|0x0000000703e00000, 0x0000000703e00000, 0x0000000703f00000|  0%| F|  |TAMS 0x0000000703e00000, 0x0000000703e00000| Untracked 
|  27|0x0000000703f00000, 0x0000000703f00000, 0x0000000704000000|  0%| F|  |TAMS 0x0000000703f00000, 0x0000000703f00000| Untracked 
|  28|0x0000000704000000, 0x0000000704000000, 0x0000000704100000|  0%| F|  |TAMS 0x0000000704000000, 0x0000000704000000| Untracked 
|  29|0x0000000704100000, 0x0000000704100000, 0x0000000704200000|  0%| F|  |TAMS 0x0000000704100000, 0x0000000704100000| Untracked 
|  30|0x0000000704200000, 0x0000000704200000, 0x0000000704300000|  0%| F|  |TAMS 0x0000000704200000, 0x0000000704200000| Untracked 
|  31|0x0000000704300000, 0x0000000704300000, 0x0000000704400000|  0%| F|  |TAMS 0x0000000704300000, 0x0000000704300000| Untracked 
|  32|0x0000000704400000, 0x0000000704400000, 0x0000000704500000|  0%| F|  |TAMS 0x0000000704400000, 0x0000000704400000| Untracked 
|  33|0x0000000704500000, 0x0000000704500000, 0x0000000704600000|  0%| F|  |TAMS 0x0000000704500000, 0x0000000704500000| Untracked 
|  34|0x0000000704600000, 0x0000000704600000, 0x0000000704700000|  0%| F|  |TAMS 0x0000000704600000, 0x0000000704600000| Untracked 
|  35|0x0000000704700000, 0x0000000704700000, 0x0000000704800000|  0%| F|  |TAMS 0x0000000704700000, 0x0000000704700000| Untracked 
|  36|0x0000000704800000, 0x0000000704800000, 0x0000000704900000|  0%| F|  |TAMS 0x0000000704800000, 0x0000000704800000| Untracked 
|  37|0x0000000704900000, 0x0000000704900000, 0x0000000704a00000|  0%| F|  |TAMS 0x0000000704900000, 0x0000000704900000| Untracked 
|  38|0x0000000704a00000, 0x0000000704a00000, 0x0000000704b00000|  0%| F|  |TAMS 0x0000000704a00000, 0x0000000704a00000| Untracked 
|  39|0x0000000704b00000, 0x0000000704b00000, 0x0000000704c00000|  0%| F|  |TAMS 0x0000000704b00000, 0x0000000704b00000| Untracked 
|  40|0x0000000704c00000, 0x0000000704c00000, 0x0000000704d00000|  0%| F|  |TAMS 0x0000000704c00000, 0x0000000704c00000| Untracked 
|  41|0x0000000704d00000, 0x0000000704d00000, 0x0000000704e00000|  0%| F|  |TAMS 0x0000000704d00000, 0x0000000704d00000| Untracked 
|  42|0x0000000704e00000, 0x0000000704e00000, 0x0000000704f00000|  0%| F|  |TAMS 0x0000000704e00000, 0x0000000704e00000| Untracked 
|  43|0x0000000704f00000, 0x0000000704f00000, 0x0000000705000000|  0%| F|  |TAMS 0x0000000704f00000, 0x0000000704f00000| Untracked 
|  44|0x0000000705000000, 0x0000000705000000, 0x0000000705100000|  0%| F|  |TAMS 0x0000000705000000, 0x0000000705000000| Untracked 
|  45|0x0000000705100000, 0x0000000705100000, 0x0000000705200000|  0%| F|  |TAMS 0x0000000705100000, 0x0000000705100000| Untracked 
|  46|0x0000000705200000, 0x0000000705200000, 0x0000000705300000|  0%| F|  |TAMS 0x0000000705200000, 0x0000000705200000| Untracked 
|  47|0x0000000705300000, 0x0000000705300000, 0x0000000705400000|  0%| F|  |TAMS 0x0000000705300000, 0x0000000705300000| Untracked 
|  48|0x0000000705400000, 0x0000000705400000, 0x0000000705500000|  0%| F|  |TAMS 0x0000000705400000, 0x0000000705400000| Untracked 
|  49|0x0000000705500000, 0x0000000705500000, 0x0000000705600000|  0%| F|  |TAMS 0x0000000705500000, 0x0000000705500000| Untracked 
|  50|0x0000000705600000, 0x0000000705600000, 0x0000000705700000|  0%| F|  |TAMS 0x0000000705600000, 0x0000000705600000| Untracked 
|  51|0x0000000705700000, 0x0000000705700000, 0x0000000705800000|  0%| F|  |TAMS 0x0000000705700000, 0x0000000705700000| Untracked 
|  52|0x0000000705800000, 0x0000000705800000, 0x0000000705900000|  0%| F|  |TAMS 0x0000000705800000, 0x0000000705800000| Untracked 
|  53|0x0000000705900000, 0x0000000705900000, 0x0000000705a00000|  0%| F|  |TAMS 0x0000000705900000, 0x0000000705900000| Untracked 
|  54|0x0000000705a00000, 0x0000000705a00000, 0x0000000705b00000|  0%| F|  |TAMS 0x0000000705a00000, 0x0000000705a00000| Untracked 
|  55|0x0000000705b00000, 0x0000000705b00000, 0x0000000705c00000|  0%| F|  |TAMS 0x0000000705b00000, 0x0000000705b00000| Untracked 
|  56|0x0000000705c00000, 0x0000000705c00000, 0x0000000705d00000|  0%| F|  |TAMS 0x0000000705c00000, 0x0000000705c00000| Untracked 
|  57|0x0000000705d00000, 0x0000000705d00000, 0x0000000705e00000|  0%| F|  |TAMS 0x0000000705d00000, 0x0000000705d00000| Untracked 
|  58|0x0000000705e00000, 0x0000000705e00000, 0x0000000705f00000|  0%| F|  |TAMS 0x0000000705e00000, 0x0000000705e00000| Untracked 
|  59|0x0000000705f00000, 0x0000000705f00000, 0x0000000706000000|  0%| F|  |TAMS 0x0000000705f00000, 0x0000000705f00000| Untracked 
|  60|0x0000000706000000, 0x0000000706000000, 0x0000000706100000|  0%| F|  |TAMS 0x0000000706000000, 0x0000000706000000| Untracked 
|  61|0x0000000706100000, 0x0000000706100000, 0x0000000706200000|  0%| F|  |TAMS 0x0000000706100000, 0x0000000706100000| Untracked 
|  62|0x0000000706200000, 0x0000000706200000, 0x0000000706300000|  0%| F|  |TAMS 0x0000000706200000, 0x0000000706200000| Untracked 
|  63|0x0000000706300000, 0x0000000706300000, 0x0000000706400000|  0%| F|  |TAMS 0x0000000706300000, 0x0000000706300000| Untracked 
|  64|0x0000000706400000, 0x0000000706400000, 0x0000000706500000|  0%| F|  |TAMS 0x0000000706400000, 0x0000000706400000| Untracked 
|  65|0x0000000706500000, 0x0000000706500000, 0x0000000706600000|  0%| F|  |TAMS 0x0000000706500000, 0x0000000706500000| Untracked 
|  66|0x0000000706600000, 0x0000000706600000, 0x0000000706700000|  0%| F|  |TAMS 0x0000000706600000, 0x0000000706600000| Untracked 
|  67|0x0000000706700000, 0x0000000706700000, 0x0000000706800000|  0%| F|  |TAMS 0x0000000706700000, 0x0000000706700000| Untracked 
|  68|0x0000000706800000, 0x0000000706800000, 0x0000000706900000|  0%| F|  |TAMS 0x0000000706800000, 0x0000000706800000| Untracked 
|  69|0x0000000706900000, 0x0000000706900000, 0x0000000706a00000|  0%| F|  |TAMS 0x0000000706900000, 0x0000000706900000| Untracked 
|  70|0x0000000706a00000, 0x0000000706a00000, 0x0000000706b00000|  0%| F|  |TAMS 0x0000000706a00000, 0x0000000706a00000| Untracked 
|  71|0x0000000706b00000, 0x0000000706b00000, 0x0000000706c00000|  0%| F|  |TAMS 0x0000000706b00000, 0x0000000706b00000| Untracked 
|  72|0x0000000706c00000, 0x0000000706c00000, 0x0000000706d00000|  0%| F|  |TAMS 0x0000000706c00000, 0x0000000706c00000| Untracked 
|  73|0x0000000706d00000, 0x0000000706d00000, 0x0000000706e00000|  0%| F|  |TAMS 0x0000000706d00000, 0x0000000706d00000| Untracked 
|  74|0x0000000706e00000, 0x0000000706e00000, 0x0000000706f00000|  0%| F|  |TAMS 0x0000000706e00000, 0x0000000706e00000| Untracked 
|  75|0x0000000706f00000, 0x0000000706f00000, 0x0000000707000000|  0%| F|  |TAMS 0x0000000706f00000, 0x0000000706f00000| Untracked 
|  76|0x0000000707000000, 0x0000000707000000, 0x0000000707100000|  0%| F|  |TAMS 0x0000000707000000, 0x0000000707000000| Untracked 
|  77|0x0000000707100000, 0x0000000707100000, 0x0000000707200000|  0%| F|  |TAMS 0x0000000707100000, 0x0000000707100000| Untracked 
|  78|0x0000000707200000, 0x0000000707200000, 0x0000000707300000|  0%| F|  |TAMS 0x0000000707200000, 0x0000000707200000| Untracked 
|  79|0x0000000707300000, 0x0000000707300000, 0x0000000707400000|  0%| F|  |TAMS 0x0000000707300000, 0x0000000707300000| Untracked 
|  80|0x0000000707400000, 0x0000000707400000, 0x0000000707500000|  0%| F|  |TAMS 0x0000000707400000, 0x0000000707400000| Untracked 
|  81|0x0000000707500000, 0x0000000707500000, 0x0000000707600000|  0%| F|  |TAMS 0x0000000707500000, 0x0000000707500000| Untracked 
|  82|0x0000000707600000, 0x0000000707600000, 0x0000000707700000|  0%| F|  |TAMS 0x0000000707600000, 0x0000000707600000| Untracked 
|  83|0x0000000707700000, 0x0000000707700000, 0x0000000707800000|  0%| F|  |TAMS 0x0000000707700000, 0x0000000707700000| Untracked 
|  84|0x0000000707800000, 0x0000000707800000, 0x0000000707900000|  0%| F|  |TAMS 0x0000000707800000, 0x0000000707800000| Untracked 
|  85|0x0000000707900000, 0x0000000707900000, 0x0000000707a00000|  0%| F|  |TAMS 0x0000000707900000, 0x0000000707900000| Untracked 
|  86|0x0000000707a00000, 0x0000000707a00000, 0x0000000707b00000|  0%| F|  |TAMS 0x0000000707a00000, 0x0000000707a00000| Untracked 
|  87|0x0000000707b00000, 0x0000000707b00000, 0x0000000707c00000|  0%| F|  |TAMS 0x0000000707b00000, 0x0000000707b00000| Untracked 
|  88|0x0000000707c00000, 0x0000000707c00000, 0x0000000707d00000|  0%| F|  |TAMS 0x0000000707c00000, 0x0000000707c00000| Untracked 
|  89|0x0000000707d00000, 0x0000000707d00000, 0x0000000707e00000|  0%| F|  |TAMS 0x0000000707d00000, 0x0000000707d00000| Untracked 
|  90|0x0000000707e00000, 0x0000000707e00000, 0x0000000707f00000|  0%| F|  |TAMS 0x0000000707e00000, 0x0000000707e00000| Untracked 
|  91|0x0000000707f00000, 0x0000000707f00000, 0x0000000708000000|  0%| F|  |TAMS 0x0000000707f00000, 0x0000000707f00000| Untracked 
|  92|0x0000000708000000, 0x0000000708000000, 0x0000000708100000|  0%| F|  |TAMS 0x0000000708000000, 0x0000000708000000| Untracked 
|  93|0x0000000708100000, 0x0000000708100000, 0x0000000708200000|  0%| F|  |TAMS 0x0000000708100000, 0x0000000708100000| Untracked 
|  94|0x0000000708200000, 0x0000000708200000, 0x0000000708300000|  0%| F|  |TAMS 0x0000000708200000, 0x0000000708200000| Untracked 
|  95|0x0000000708300000, 0x0000000708300000, 0x0000000708400000|  0%| F|  |TAMS 0x0000000708300000, 0x0000000708300000| Untracked 
|  96|0x0000000708400000, 0x0000000708400000, 0x0000000708500000|  0%| F|  |TAMS 0x0000000708400000, 0x0000000708400000| Untracked 
|  97|0x0000000708500000, 0x0000000708500000, 0x0000000708600000|  0%| F|  |TAMS 0x0000000708500000, 0x0000000708500000| Untracked 
|  98|0x0000000708600000, 0x0000000708600000, 0x0000000708700000|  0%| F|  |TAMS 0x0000000708600000, 0x0000000708600000| Untracked 
|  99|0x0000000708700000, 0x0000000708700000, 0x0000000708800000|  0%| F|  |TAMS 0x0000000708700000, 0x0000000708700000| Untracked 
| 100|0x0000000708800000, 0x0000000708800000, 0x0000000708900000|  0%| F|  |TAMS 0x0000000708800000, 0x0000000708800000| Untracked 
| 101|0x0000000708900000, 0x0000000708900000, 0x0000000708a00000|  0%| F|  |TAMS 0x0000000708900000, 0x0000000708900000| Untracked 
| 102|0x0000000708a00000, 0x0000000708a00000, 0x0000000708b00000|  0%| F|  |TAMS 0x0000000708a00000, 0x0000000708a00000| Untracked 
| 103|0x0000000708b00000, 0x0000000708b00000, 0x0000000708c00000|  0%| F|  |TAMS 0x0000000708b00000, 0x0000000708b00000| Untracked 
| 104|0x0000000708c00000, 0x0000000708c00000, 0x0000000708d00000|  0%| F|  |TAMS 0x0000000708c00000, 0x0000000708c00000| Untracked 
| 105|0x0000000708d00000, 0x0000000708d00000, 0x0000000708e00000|  0%| F|  |TAMS 0x0000000708d00000, 0x0000000708d00000| Untracked 
| 106|0x0000000708e00000, 0x0000000708e00000, 0x0000000708f00000|  0%| F|  |TAMS 0x0000000708e00000, 0x0000000708e00000| Untracked 
| 107|0x0000000708f00000, 0x0000000708f00000, 0x0000000709000000|  0%| F|  |TAMS 0x0000000708f00000, 0x0000000708f00000| Untracked 
| 108|0x0000000709000000, 0x0000000709000000, 0x0000000709100000|  0%| F|  |TAMS 0x0000000709000000, 0x0000000709000000| Untracked 
| 109|0x0000000709100000, 0x0000000709100000, 0x0000000709200000|  0%| F|  |TAMS 0x0000000709100000, 0x0000000709100000| Untracked 
| 110|0x0000000709200000, 0x0000000709200000, 0x0000000709300000|  0%| F|  |TAMS 0x0000000709200000, 0x0000000709200000| Untracked 
| 111|0x0000000709300000, 0x0000000709300000, 0x0000000709400000|  0%| F|  |TAMS 0x0000000709300000, 0x0000000709300000| Untracked 
| 112|0x0000000709400000, 0x0000000709400000, 0x0000000709500000|  0%| F|  |TAMS 0x0000000709400000, 0x0000000709400000| Untracked 
| 113|0x0000000709500000, 0x0000000709500000, 0x0000000709600000|  0%| F|  |TAMS 0x0000000709500000, 0x0000000709500000| Untracked 
| 114|0x0000000709600000, 0x0000000709600000, 0x0000000709700000|  0%| F|  |TAMS 0x0000000709600000, 0x0000000709600000| Untracked 
| 115|0x0000000709700000, 0x0000000709700000, 0x0000000709800000|  0%| F|  |TAMS 0x0000000709700000, 0x0000000709700000| Untracked 
| 116|0x0000000709800000, 0x0000000709800000, 0x0000000709900000|  0%| F|  |TAMS 0x0000000709800000, 0x0000000709800000| Untracked 
| 117|0x0000000709900000, 0x0000000709900000, 0x0000000709a00000|  0%| F|  |TAMS 0x0000000709900000, 0x0000000709900000| Untracked 
| 118|0x0000000709a00000, 0x0000000709a00000, 0x0000000709b00000|  0%| F|  |TAMS 0x0000000709a00000, 0x0000000709a00000| Untracked 
| 119|0x0000000709b00000, 0x0000000709b00000, 0x0000000709c00000|  0%| F|  |TAMS 0x0000000709b00000, 0x0000000709b00000| Untracked 
| 120|0x0000000709c00000, 0x0000000709c00000, 0x0000000709d00000|  0%| F|  |TAMS 0x0000000709c00000, 0x0000000709c00000| Untracked 
| 121|0x0000000709d00000, 0x0000000709d00000, 0x0000000709e00000|  0%| F|  |TAMS 0x0000000709d00000, 0x0000000709d00000| Untracked 
| 122|0x0000000709e00000, 0x0000000709e00000, 0x0000000709f00000|  0%| F|  |TAMS 0x0000000709e00000, 0x0000000709e00000| Untracked 
| 123|0x0000000709f00000, 0x0000000709f00000, 0x000000070a000000|  0%| F|  |TAMS 0x0000000709f00000, 0x0000000709f00000| Untracked 
| 124|0x000000070a000000, 0x000000070a000000, 0x000000070a100000|  0%| F|  |TAMS 0x000000070a000000, 0x000000070a000000| Untracked 
| 125|0x000000070a100000, 0x000000070a100000, 0x000000070a200000|  0%| F|  |TAMS 0x000000070a100000, 0x000000070a100000| Untracked 
| 126|0x000000070a200000, 0x000000070a200000, 0x000000070a300000|  0%| F|  |TAMS 0x000000070a200000, 0x000000070a200000| Untracked 
| 127|0x000000070a300000, 0x000000070a300000, 0x000000070a400000|  0%| F|  |TAMS 0x000000070a300000, 0x000000070a300000| Untracked 
| 128|0x000000070a400000, 0x000000070a400000, 0x000000070a500000|  0%| F|  |TAMS 0x000000070a400000, 0x000000070a400000| Untracked 
| 129|0x000000070a500000, 0x000000070a500000, 0x000000070a600000|  0%| F|  |TAMS 0x000000070a500000, 0x000000070a500000| Untracked 
| 130|0x000000070a600000, 0x000000070a600000, 0x000000070a700000|  0%| F|  |TAMS 0x000000070a600000, 0x000000070a600000| Untracked 
| 131|0x000000070a700000, 0x000000070a700000, 0x000000070a800000|  0%| F|  |TAMS 0x000000070a700000, 0x000000070a700000| Untracked 
| 132|0x000000070a800000, 0x000000070a800000, 0x000000070a900000|  0%| F|  |TAMS 0x000000070a800000, 0x000000070a800000| Untracked 
| 133|0x000000070a900000, 0x000000070a900000, 0x000000070aa00000|  0%| F|  |TAMS 0x000000070a900000, 0x000000070a900000| Untracked 
| 134|0x000000070aa00000, 0x000000070aa00000, 0x000000070ab00000|  0%| F|  |TAMS 0x000000070aa00000, 0x000000070aa00000| Untracked 
| 135|0x000000070ab00000, 0x000000070ab00000, 0x000000070ac00000|  0%| F|  |TAMS 0x000000070ab00000, 0x000000070ab00000| Untracked 
| 136|0x000000070ac00000, 0x000000070ac00000, 0x000000070ad00000|  0%| F|  |TAMS 0x000000070ac00000, 0x000000070ac00000| Untracked 
| 137|0x000000070ad00000, 0x000000070ad00000, 0x000000070ae00000|  0%| F|  |TAMS 0x000000070ad00000, 0x000000070ad00000| Untracked 
| 138|0x000000070ae00000, 0x000000070ae00000, 0x000000070af00000|  0%| F|  |TAMS 0x000000070ae00000, 0x000000070ae00000| Untracked 
| 139|0x000000070af00000, 0x000000070af00000, 0x000000070b000000|  0%| F|  |TAMS 0x000000070af00000, 0x000000070af00000| Untracked 
| 140|0x000000070b000000, 0x000000070b000000, 0x000000070b100000|  0%| F|  |TAMS 0x000000070b000000, 0x000000070b000000| Untracked 
| 141|0x000000070b100000, 0x000000070b100000, 0x000000070b200000|  0%| F|  |TAMS 0x000000070b100000, 0x000000070b100000| Untracked 
| 142|0x000000070b200000, 0x000000070b200000, 0x000000070b300000|  0%| F|  |TAMS 0x000000070b200000, 0x000000070b200000| Untracked 
| 143|0x000000070b300000, 0x000000070b300000, 0x000000070b400000|  0%| F|  |TAMS 0x000000070b300000, 0x000000070b300000| Untracked 
| 144|0x000000070b400000, 0x000000070b400000, 0x000000070b500000|  0%| F|  |TAMS 0x000000070b400000, 0x000000070b400000| Untracked 
| 145|0x000000070b500000, 0x000000070b500000, 0x000000070b600000|  0%| F|  |TAMS 0x000000070b500000, 0x000000070b500000| Untracked 
| 146|0x000000070b600000, 0x000000070b600000, 0x000000070b700000|  0%| F|  |TAMS 0x000000070b600000, 0x000000070b600000| Untracked 
| 147|0x000000070b700000, 0x000000070b700000, 0x000000070b800000|  0%| F|  |TAMS 0x000000070b700000, 0x000000070b700000| Untracked 
| 148|0x000000070b800000, 0x000000070b800000, 0x000000070b900000|  0%| F|  |TAMS 0x000000070b800000, 0x000000070b800000| Untracked 
| 149|0x000000070b900000, 0x000000070b900000, 0x000000070ba00000|  0%| F|  |TAMS 0x000000070b900000, 0x000000070b900000| Untracked 
| 150|0x000000070ba00000, 0x000000070ba00000, 0x000000070bb00000|  0%| F|  |TAMS 0x000000070ba00000, 0x000000070ba00000| Untracked 
| 151|0x000000070bb00000, 0x000000070bb00000, 0x000000070bc00000|  0%| F|  |TAMS 0x000000070bb00000, 0x000000070bb00000| Untracked 
| 152|0x000000070bc00000, 0x000000070bc00000, 0x000000070bd00000|  0%| F|  |TAMS 0x000000070bc00000, 0x000000070bc00000| Untracked 
| 153|0x000000070bd00000, 0x000000070bd00000, 0x000000070be00000|  0%| F|  |TAMS 0x000000070bd00000, 0x000000070bd00000| Untracked 
| 154|0x000000070be00000, 0x000000070be00000, 0x000000070bf00000|  0%| F|  |TAMS 0x000000070be00000, 0x000000070be00000| Untracked 
| 155|0x000000070bf00000, 0x000000070bf00000, 0x000000070c000000|  0%| F|  |TAMS 0x000000070bf00000, 0x000000070bf00000| Untracked 
| 156|0x000000070c000000, 0x000000070c000000, 0x000000070c100000|  0%| F|  |TAMS 0x000000070c000000, 0x000000070c000000| Untracked 
| 157|0x000000070c100000, 0x000000070c100000, 0x000000070c200000|  0%| F|  |TAMS 0x000000070c100000, 0x000000070c100000| Untracked 
| 158|0x000000070c200000, 0x000000070c200000, 0x000000070c300000|  0%| F|  |TAMS 0x000000070c200000, 0x000000070c200000| Untracked 
| 159|0x000000070c300000, 0x000000070c300000, 0x000000070c400000|  0%| F|  |TAMS 0x000000070c300000, 0x000000070c300000| Untracked 
| 160|0x000000070c400000, 0x000000070c400000, 0x000000070c500000|  0%| F|  |TAMS 0x000000070c400000, 0x000000070c400000| Untracked 
| 161|0x000000070c500000, 0x000000070c500000, 0x000000070c600000|  0%| F|  |TAMS 0x000000070c500000, 0x000000070c500000| Untracked 
| 162|0x000000070c600000, 0x000000070c600000, 0x000000070c700000|  0%| F|  |TAMS 0x000000070c600000, 0x000000070c600000| Untracked 
| 163|0x000000070c700000, 0x000000070c700000, 0x000000070c800000|  0%| F|  |TAMS 0x000000070c700000, 0x000000070c700000| Untracked 
| 164|0x000000070c800000, 0x000000070c800000, 0x000000070c900000|  0%| F|  |TAMS 0x000000070c800000, 0x000000070c800000| Untracked 
| 165|0x000000070c900000, 0x000000070c900000, 0x000000070ca00000|  0%| F|  |TAMS 0x000000070c900000, 0x000000070c900000| Untracked 
| 166|0x000000070ca00000, 0x000000070ca00000, 0x000000070cb00000|  0%| F|  |TAMS 0x000000070ca00000, 0x000000070ca00000| Untracked 
| 167|0x000000070cb00000, 0x000000070cb00000, 0x000000070cc00000|  0%| F|  |TAMS 0x000000070cb00000, 0x000000070cb00000| Untracked 
| 168|0x000000070cc00000, 0x000000070cc00000, 0x000000070cd00000|  0%| F|  |TAMS 0x000000070cc00000, 0x000000070cc00000| Untracked 
| 169|0x000000070cd00000, 0x000000070cd00000, 0x000000070ce00000|  0%| F|  |TAMS 0x000000070cd00000, 0x000000070cd00000| Untracked 
| 170|0x000000070ce00000, 0x000000070ce00000, 0x000000070cf00000|  0%| F|  |TAMS 0x000000070ce00000, 0x000000070ce00000| Untracked 
| 171|0x000000070cf00000, 0x000000070cf00000, 0x000000070d000000|  0%| F|  |TAMS 0x000000070cf00000, 0x000000070cf00000| Untracked 
| 172|0x000000070d000000, 0x000000070d000000, 0x000000070d100000|  0%| F|  |TAMS 0x000000070d000000, 0x000000070d000000| Untracked 
| 173|0x000000070d100000, 0x000000070d100000, 0x000000070d200000|  0%| F|  |TAMS 0x000000070d100000, 0x000000070d100000| Untracked 
| 174|0x000000070d200000, 0x000000070d200000, 0x000000070d300000|  0%| F|  |TAMS 0x000000070d200000, 0x000000070d200000| Untracked 
| 175|0x000000070d300000, 0x000000070d300000, 0x000000070d400000|  0%| F|  |TAMS 0x000000070d300000, 0x000000070d300000| Untracked 
| 176|0x000000070d400000, 0x000000070d400000, 0x000000070d500000|  0%| F|  |TAMS 0x000000070d400000, 0x000000070d400000| Untracked 
| 177|0x000000070d500000, 0x000000070d500000, 0x000000070d600000|  0%| F|  |TAMS 0x000000070d500000, 0x000000070d500000| Untracked 
| 178|0x000000070d600000, 0x000000070d600000, 0x000000070d700000|  0%| F|  |TAMS 0x000000070d600000, 0x000000070d600000| Untracked 
| 179|0x000000070d700000, 0x000000070d700000, 0x000000070d800000|  0%| F|  |TAMS 0x000000070d700000, 0x000000070d700000| Untracked 
| 180|0x000000070d800000, 0x000000070d800000, 0x000000070d900000|  0%| F|  |TAMS 0x000000070d800000, 0x000000070d800000| Untracked 
| 181|0x000000070d900000, 0x000000070d900000, 0x000000070da00000|  0%| F|  |TAMS 0x000000070d900000, 0x000000070d900000| Untracked 
| 182|0x000000070da00000, 0x000000070da00000, 0x000000070db00000|  0%| F|  |TAMS 0x000000070da00000, 0x000000070da00000| Untracked 
| 183|0x000000070db00000, 0x000000070db00000, 0x000000070dc00000|  0%| F|  |TAMS 0x000000070db00000, 0x000000070db00000| Untracked 
| 184|0x000000070dc00000, 0x000000070dc00000, 0x000000070dd00000|  0%| F|  |TAMS 0x000000070dc00000, 0x000000070dc00000| Untracked 
| 185|0x000000070dd00000, 0x000000070dd00000, 0x000000070de00000|  0%| F|  |TAMS 0x000000070dd00000, 0x000000070dd00000| Untracked 
| 186|0x000000070de00000, 0x000000070de00000, 0x000000070df00000|  0%| F|  |TAMS 0x000000070de00000, 0x000000070de00000| Untracked 
| 187|0x000000070df00000, 0x000000070df00000, 0x000000070e000000|  0%| F|  |TAMS 0x000000070df00000, 0x000000070df00000| Untracked 
| 188|0x000000070e000000, 0x000000070e000000, 0x000000070e100000|  0%| F|  |TAMS 0x000000070e000000, 0x000000070e000000| Untracked 
| 189|0x000000070e100000, 0x000000070e100000, 0x000000070e200000|  0%| F|  |TAMS 0x000000070e100000, 0x000000070e100000| Untracked 
| 190|0x000000070e200000, 0x000000070e200000, 0x000000070e300000|  0%| F|  |TAMS 0x000000070e200000, 0x000000070e200000| Untracked 
| 191|0x000000070e300000, 0x000000070e300000, 0x000000070e400000|  0%| F|  |TAMS 0x000000070e300000, 0x000000070e300000| Untracked 
| 192|0x000000070e400000, 0x000000070e400000, 0x000000070e500000|  0%| F|  |TAMS 0x000000070e400000, 0x000000070e400000| Untracked 
| 193|0x000000070e500000, 0x000000070e500000, 0x000000070e600000|  0%| F|  |TAMS 0x000000070e500000, 0x000000070e500000| Untracked 
| 194|0x000000070e600000, 0x000000070e600000, 0x000000070e700000|  0%| F|  |TAMS 0x000000070e600000, 0x000000070e600000| Untracked 
| 195|0x000000070e700000, 0x000000070e700000, 0x000000070e800000|  0%| F|  |TAMS 0x000000070e700000, 0x000000070e700000| Untracked 
| 196|0x000000070e800000, 0x000000070e800000, 0x000000070e900000|  0%| F|  |TAMS 0x000000070e800000, 0x000000070e800000| Untracked 
| 197|0x000000070e900000, 0x000000070e900000, 0x000000070ea00000|  0%| F|  |TAMS 0x000000070e900000, 0x000000070e900000| Untracked 
| 198|0x000000070ea00000, 0x000000070ea00000, 0x000000070eb00000|  0%| F|  |TAMS 0x000000070ea00000, 0x000000070ea00000| Untracked 
| 199|0x000000070eb00000, 0x000000070eb00000, 0x000000070ec00000|  0%| F|  |TAMS 0x000000070eb00000, 0x000000070eb00000| Untracked 
| 200|0x000000070ec00000, 0x000000070ec00000, 0x000000070ed00000|  0%| F|  |TAMS 0x000000070ec00000, 0x000000070ec00000| Untracked 
| 201|0x000000070ed00000, 0x000000070ed00000, 0x000000070ee00000|  0%| F|  |TAMS 0x000000070ed00000, 0x000000070ed00000| Untracked 
| 202|0x000000070ee00000, 0x000000070ee00000, 0x000000070ef00000|  0%| F|  |TAMS 0x000000070ee00000, 0x000000070ee00000| Untracked 
| 203|0x000000070ef00000, 0x000000070ef00000, 0x000000070f000000|  0%| F|  |TAMS 0x000000070ef00000, 0x000000070ef00000| Untracked 
| 204|0x000000070f000000, 0x000000070f000000, 0x000000070f100000|  0%| F|  |TAMS 0x000000070f000000, 0x000000070f000000| Untracked 
| 205|0x000000070f100000, 0x000000070f100000, 0x000000070f200000|  0%| F|  |TAMS 0x000000070f100000, 0x000000070f100000| Untracked 
| 206|0x000000070f200000, 0x000000070f200000, 0x000000070f300000|  0%| F|  |TAMS 0x000000070f200000, 0x000000070f200000| Untracked 
| 207|0x000000070f300000, 0x000000070f300000, 0x000000070f400000|  0%| F|  |TAMS 0x000000070f300000, 0x000000070f300000| Untracked 
| 208|0x000000070f400000, 0x000000070f400000, 0x000000070f500000|  0%| F|  |TAMS 0x000000070f400000, 0x000000070f400000| Untracked 
| 209|0x000000070f500000, 0x000000070f500000, 0x000000070f600000|  0%| F|  |TAMS 0x000000070f500000, 0x000000070f500000| Untracked 
| 210|0x000000070f600000, 0x000000070f600000, 0x000000070f700000|  0%| F|  |TAMS 0x000000070f600000, 0x000000070f600000| Untracked 
| 211|0x000000070f700000, 0x000000070f700000, 0x000000070f800000|  0%| F|  |TAMS 0x000000070f700000, 0x000000070f700000| Untracked 
| 212|0x000000070f800000, 0x000000070f800000, 0x000000070f900000|  0%| F|  |TAMS 0x000000070f800000, 0x000000070f800000| Untracked 
| 213|0x000000070f900000, 0x000000070f900000, 0x000000070fa00000|  0%| F|  |TAMS 0x000000070f900000, 0x000000070f900000| Untracked 
| 214|0x000000070fa00000, 0x000000070fa00000, 0x000000070fb00000|  0%| F|  |TAMS 0x000000070fa00000, 0x000000070fa00000| Untracked 
| 215|0x000000070fb00000, 0x000000070fb00000, 0x000000070fc00000|  0%| F|  |TAMS 0x000000070fb00000, 0x000000070fb00000| Untracked 
| 216|0x000000070fc00000, 0x000000070fc00000, 0x000000070fd00000|  0%| F|  |TAMS 0x000000070fc00000, 0x000000070fc00000| Untracked 
| 217|0x000000070fd00000, 0x000000070fd00000, 0x000000070fe00000|  0%| F|  |TAMS 0x000000070fd00000, 0x000000070fd00000| Untracked 
| 218|0x000000070fe00000, 0x000000070fe00000, 0x000000070ff00000|  0%| F|  |TAMS 0x000000070fe00000, 0x000000070fe00000| Untracked 
| 219|0x000000070ff00000, 0x000000070ff00000, 0x0000000710000000|  0%| F|  |TAMS 0x000000070ff00000, 0x000000070ff00000| Untracked 
| 220|0x0000000710000000, 0x0000000710000000, 0x0000000710100000|  0%| F|  |TAMS 0x0000000710000000, 0x0000000710000000| Untracked 
| 221|0x0000000710100000, 0x0000000710100000, 0x0000000710200000|  0%| F|  |TAMS 0x0000000710100000, 0x0000000710100000| Untracked 
| 222|0x0000000710200000, 0x0000000710200000, 0x0000000710300000|  0%| F|  |TAMS 0x0000000710200000, 0x0000000710200000| Untracked 
| 223|0x0000000710300000, 0x0000000710300000, 0x0000000710400000|  0%| F|  |TAMS 0x0000000710300000, 0x0000000710300000| Untracked 
| 224|0x0000000710400000, 0x0000000710400000, 0x0000000710500000|  0%| F|  |TAMS 0x0000000710400000, 0x0000000710400000| Untracked 
| 225|0x0000000710500000, 0x0000000710500000, 0x0000000710600000|  0%| F|  |TAMS 0x0000000710500000, 0x0000000710500000| Untracked 
| 226|0x0000000710600000, 0x0000000710600000, 0x0000000710700000|  0%| F|  |TAMS 0x0000000710600000, 0x0000000710600000| Untracked 
| 227|0x0000000710700000, 0x0000000710700000, 0x0000000710800000|  0%| F|  |TAMS 0x0000000710700000, 0x0000000710700000| Untracked 
| 228|0x0000000710800000, 0x0000000710800000, 0x0000000710900000|  0%| F|  |TAMS 0x0000000710800000, 0x0000000710800000| Untracked 
| 229|0x0000000710900000, 0x0000000710900000, 0x0000000710a00000|  0%| F|  |TAMS 0x0000000710900000, 0x0000000710900000| Untracked 
| 230|0x0000000710a00000, 0x0000000710a00000, 0x0000000710b00000|  0%| F|  |TAMS 0x0000000710a00000, 0x0000000710a00000| Untracked 
| 231|0x0000000710b00000, 0x0000000710b00000, 0x0000000710c00000|  0%| F|  |TAMS 0x0000000710b00000, 0x0000000710b00000| Untracked 
| 232|0x0000000710c00000, 0x0000000710c00000, 0x0000000710d00000|  0%| F|  |TAMS 0x0000000710c00000, 0x0000000710c00000| Untracked 
| 233|0x0000000710d00000, 0x0000000710d00000, 0x0000000710e00000|  0%| F|  |TAMS 0x0000000710d00000, 0x0000000710d00000| Untracked 
| 234|0x0000000710e00000, 0x0000000710e00000, 0x0000000710f00000|  0%| F|  |TAMS 0x0000000710e00000, 0x0000000710e00000| Untracked 
| 235|0x0000000710f00000, 0x0000000710f00000, 0x0000000711000000|  0%| F|  |TAMS 0x0000000710f00000, 0x0000000710f00000| Untracked 
| 236|0x0000000711000000, 0x0000000711000000, 0x0000000711100000|  0%| F|  |TAMS 0x0000000711000000, 0x0000000711000000| Untracked 
| 237|0x0000000711100000, 0x0000000711100000, 0x0000000711200000|  0%| F|  |TAMS 0x0000000711100000, 0x0000000711100000| Untracked 
| 238|0x0000000711200000, 0x0000000711200000, 0x0000000711300000|  0%| F|  |TAMS 0x0000000711200000, 0x0000000711200000| Untracked 
| 239|0x0000000711300000, 0x0000000711300000, 0x0000000711400000|  0%| F|  |TAMS 0x0000000711300000, 0x0000000711300000| Untracked 
| 240|0x0000000711400000, 0x0000000711400000, 0x0000000711500000|  0%| F|  |TAMS 0x0000000711400000, 0x0000000711400000| Untracked 
| 241|0x0000000711500000, 0x0000000711500000, 0x0000000711600000|  0%| F|  |TAMS 0x0000000711500000, 0x0000000711500000| Untracked 
| 242|0x0000000711600000, 0x0000000711600000, 0x0000000711700000|  0%| F|  |TAMS 0x0000000711600000, 0x0000000711600000| Untracked 
| 243|0x0000000711700000, 0x0000000711700000, 0x0000000711800000|  0%| F|  |TAMS 0x0000000711700000, 0x0000000711700000| Untracked 
| 244|0x0000000711800000, 0x0000000711800000, 0x0000000711900000|  0%| F|  |TAMS 0x0000000711800000, 0x0000000711800000| Untracked 
| 245|0x0000000711900000, 0x0000000711900000, 0x0000000711a00000|  0%| F|  |TAMS 0x0000000711900000, 0x0000000711900000| Untracked 
| 246|0x0000000711a00000, 0x0000000711a76300, 0x0000000711b00000| 46%| E|  |TAMS 0x0000000711a00000, 0x0000000711a00000| Complete 
| 247|0x0000000711b00000, 0x0000000711c00000, 0x0000000711c00000|100%| E|CS|TAMS 0x0000000711b00000, 0x0000000711b00000| Complete 
| 248|0x0000000711c00000, 0x0000000711d00000, 0x0000000711d00000|100%| E|CS|TAMS 0x0000000711c00000, 0x0000000711c00000| Complete 
| 249|0x0000000711d00000, 0x0000000711e00000, 0x0000000711e00000|100%| E|CS|TAMS 0x0000000711d00000, 0x0000000711d00000| Complete 
| 250|0x0000000711e00000, 0x0000000711f00000, 0x0000000711f00000|100%| E|CS|TAMS 0x0000000711e00000, 0x0000000711e00000| Complete 
| 251|0x0000000711f00000, 0x0000000712000000, 0x0000000712000000|100%| E|CS|TAMS 0x0000000711f00000, 0x0000000711f00000| Complete 
| 252|0x0000000712000000, 0x0000000712100000, 0x0000000712100000|100%| E|CS|TAMS 0x0000000712000000, 0x0000000712000000| Complete 
| 253|0x0000000712100000, 0x0000000712200000, 0x0000000712200000|100%| E|CS|TAMS 0x0000000712100000, 0x0000000712100000| Complete 

Card table byte_map: [0x000002b8ef3e0000,0x000002b8efbd0000] _byte_map_base: 0x000002b8ebbce000

Marking Bits (Prev, Next): (CMBitMap*) 0x000002b8d6f59fe8, (CMBitMap*) 0x000002b8d6f5a028
 Prev Bits: [0x000002b8f03c0000, 0x000002b8f4330000)
 Next Bits: [0x000002b8f4330000, 0x000002b8f82a0000)

Polling page: 0x000002b8d4e90000

Metaspace:

Usage:
  Non-class:      4.73 MB capacity,     1.96 MB ( 41%) used,     2.76 MB ( 58%) free+waste,     6.44 KB ( <1%) overhead. 
      Class:    537.00 KB capacity,   249.80 KB ( 47%) used,   283.70 KB ( 53%) free+waste,     3.50 KB ( <1%) overhead. 
       Both:      5.25 MB capacity,     2.20 MB ( 42%) used,     3.04 MB ( 58%) free+waste,     9.94 KB ( <1%) overhead. 

Virtual space:
  Non-class space:        8.00 MB reserved,       4.75 MB ( 59%) committed 
      Class space:        1.00 GB reserved,     640.00 KB ( <1%) committed 
             Both:        1.01 GB reserved,       5.38 MB ( <1%) committed 

Chunk freelists:
   Non-Class:  24.00 KB
       Class:  7.00 KB
        Both:  31.00 KB

MaxMetaspaceSize: 17179869184.00 GB
CompressedClassSpaceSize: 1.00 GB

CodeHeap 'non-profiled nmethods': size=120000Kb used=176Kb max_used=176Kb free=119823Kb
 bounds [0x000002b8e7170000, 0x000002b8e73e0000, 0x000002b8ee6a0000]
CodeHeap 'profiled nmethods': size=120000Kb used=914Kb max_used=914Kb free=119086Kb
 bounds [0x000002b8dfc40000, 0x000002b8dfeb0000, 0x000002b8e7170000]
CodeHeap 'non-nmethods': size=5760Kb used=1220Kb max_used=1247Kb free=4539Kb
 bounds [0x000002b8df6a0000, 0x000002b8df910000, 0x000002b8dfc40000]
 total_blobs=891 nmethods=512 adapters=292
 compilation: enabled
              stopped_count=0, restarted_count=0
 full_count=0

Compilation events (20 events):
Event: 0.372 Thread 0x000002b8fb90e000  503       3       jdk.internal.loader.ClassLoaders$BootClassLoader::loadClassOrNull (11 bytes)
Event: 0.372 Thread 0x000002b8fb90e000 nmethod 503 0x000002b8dfd1ab90 code [0x000002b8dfd1ad60, 0x000002b8dfd1b0b8]
Event: 0.372 Thread 0x000002b8fb90e000  504       3       sun.nio.cs.DoubleByte$Encoder::encodeChar (21 bytes)
Event: 0.372 Thread 0x000002b8fb90e000 nmethod 504 0x000002b8dfd1b210 code [0x000002b8dfd1b3a0, 0x000002b8dfd1b538]
Event: 0.373 Thread 0x000002b8fbb63000  505       4       java.lang.StringBuilder::append (8 bytes)
Event: 0.373 Thread 0x000002b8fb90e000  506       3       java.lang.ClassLoader::loadClass (7 bytes)
Event: 0.373 Thread 0x000002b8fb90e000 nmethod 506 0x000002b8dfd1b690 code [0x000002b8dfd1b840, 0x000002b8dfd1ba48]
Event: 0.373 Thread 0x000002b8fb90e000  507       3       jdk.internal.loader.BuiltinClassLoader::loadClass (22 bytes)
Event: 0.373 Thread 0x000002b8fb90e000 nmethod 507 0x000002b8dfd1bb10 code [0x000002b8dfd1bce0, 0x000002b8dfd1c018]
Event: 0.373 Thread 0x000002b8fb90e000  508       3       java.io.WinNTFileSystem::resolve (275 bytes)
Event: 0.375 Thread 0x000002b8fb90e000 nmethod 508 0x000002b8dfd1c190 code [0x000002b8dfd1c700, 0x000002b8dfd1f538]
Event: 0.379 Thread 0x000002b8fbb63000 nmethod 505 0x000002b8e719b290 code [0x000002b8e719b4e0, 0x000002b8e719beb8]
Event: 0.380 Thread 0x000002b8fb90e000  509       3       java.util.LinkedHashMap::get (33 bytes)
Event: 0.380 Thread 0x000002b8fb90e000 nmethod 509 0x000002b8dfd20910 code [0x000002b8dfd20ae0, 0x000002b8dfd20ee8]
Event: 0.380 Thread 0x000002b8fb90e000  510       3       java.io.File::<init> (111 bytes)
Event: 0.381 Thread 0x000002b8fb90e000 nmethod 510 0x000002b8dfd21090 code [0x000002b8dfd21340, 0x000002b8dfd21de8]
Event: 0.381 Thread 0x000002b8fb90e000  512       3       java.lang.StringUTF16::compress (20 bytes)
Event: 0.381 Thread 0x000002b8fb90e000 nmethod 512 0x000002b8dfd22190 code [0x000002b8dfd22340, 0x000002b8dfd22568]
Event: 0.381 Thread 0x000002b8fb90e000  511   !   3       jdk.internal.loader.URLClassPath$FileLoader::getResource (164 bytes)
Event: 0.382 Thread 0x000002b8fb90e000 nmethod 511 0x000002b8dfd22610 code [0x000002b8dfd22980, 0x000002b8dfd23e48]

GC Heap History (0 events):
No events

Deoptimization events (20 events):
Event: 0.189 Thread 0x000002b8d6ef2800 Uncommon trap: trap_request=0xffffffde fr.pc=0x000002b8e717e3e0 relative=0x0000000000000a80
Event: 0.189 Thread 0x000002b8d6ef2800 Uncommon trap: reason=class_check action=maybe_recompile pc=0x000002b8e717e3e0 method=java.util.HashMap.putVal(ILjava/lang/Object;Ljava/lang/Object;ZZ)Ljava/lang/Object; @ 152 c2
Event: 0.189 Thread 0x000002b8d6ef2800 DEOPT PACKING pc=0x000002b8e717e3e0 sp=0x000000c1715fe1f0
Event: 0.189 Thread 0x000002b8d6ef2800 DEOPT UNPACKING pc=0x000002b8df6e912f sp=0x000000c1715fe180 mode 2
Event: 0.225 Thread 0x000002b8d6ef2800 Uncommon trap: trap_request=0xffffff45 fr.pc=0x000002b8e7175e7c relative=0x000000000000011c
Event: 0.225 Thread 0x000002b8d6ef2800 Uncommon trap: reason=unstable_if action=reinterpret pc=0x000002b8e7175e7c method=java.lang.String.isLatin1()Z @ 10 c2
Event: 0.225 Thread 0x000002b8d6ef2800 DEOPT PACKING pc=0x000002b8e7175e7c sp=0x000000c1715fddb0
Event: 0.225 Thread 0x000002b8d6ef2800 DEOPT UNPACKING pc=0x000002b8df6e912f sp=0x000000c1715fdd00 mode 2
Event: 0.272 Thread 0x000002b8d6ef2800 Uncommon trap: trap_request=0xffffff45 fr.pc=0x000002b8e718638c relative=0x000000000000006c
Event: 0.272 Thread 0x000002b8d6ef2800 Uncommon trap: reason=unstable_if action=reinterpret pc=0x000002b8e718638c method=java.lang.String.isLatin1()Z @ 10 c2
Event: 0.272 Thread 0x000002b8d6ef2800 DEOPT PACKING pc=0x000002b8e718638c sp=0x000000c1715fee50
Event: 0.272 Thread 0x000002b8d6ef2800 DEOPT UNPACKING pc=0x000002b8df6e912f sp=0x000000c1715fedf0 mode 2
Event: 0.297 Thread 0x000002b8d6ef2800 DEOPT PACKING pc=0x000002b8dfc89318 sp=0x000000c1715fa9b0
Event: 0.297 Thread 0x000002b8d6ef2800 DEOPT UNPACKING pc=0x000002b8df6e964e sp=0x000000c1715f9e30 mode 0
Event: 0.316 Thread 0x000002b8d6ef2800 DEOPT PACKING pc=0x000002b8dfc8a772 sp=0x000000c1715fc610
Event: 0.316 Thread 0x000002b8d6ef2800 DEOPT UNPACKING pc=0x000002b8df6e964e sp=0x000000c1715fba98 mode 0
Event: 0.333 Thread 0x000002b8d6ef2800 Uncommon trap: trap_request=0xffffffde fr.pc=0x000002b8e718353c relative=0x000000000000055c
Event: 0.333 Thread 0x000002b8d6ef2800 Uncommon trap: reason=class_check action=maybe_recompile pc=0x000002b8e718353c method=java.util.HashMap.putVal(ILjava/lang/Object;Ljava/lang/Object;ZZ)Ljava/lang/Object; @ 253 c2
Event: 0.333 Thread 0x000002b8d6ef2800 DEOPT PACKING pc=0x000002b8e718353c sp=0x000000c1715fe910
Event: 0.333 Thread 0x000002b8d6ef2800 DEOPT UNPACKING pc=0x000002b8df6e912f sp=0x000000c1715fe8c0 mode 2

Classes unloaded (0 events):
No events

Classes redefined (2 events):
Event: 169.931 Thread 0x000002b8fb04f800 redefined class name=com.leetcode.algorithm.No132.Solution, count=1
Event: 254.165 Thread 0x000002b8fb04f800 redefined class name=com.leetcode.algorithm.No132.Solution, count=2

Internal exceptions (4 events):
Event: 0.225 Thread 0x000002b8d6ef2800 Exception <a 'java/io/FileNotFoundException'{0x0000000711e20118}> (0x0000000711e20118) 
thrown [./open/src/hotspot/share/prims/jni.cpp, line 599]
Event: 0.234 Thread 0x000002b8d6ef2800 Exception <a 'java/lang/NoSuchMethodError'{0x0000000711e67128}: 'int java.lang.invoke.DirectMethodHandle$Holder.invokeSpecialIFC(java.lang.Object, java.lang.Object, int)'> (0x0000000711e67128) 
thrown [./open/src/hotspot/share/interpreter/linkResolver.cpp, line 766]
Event: 0.327 Thread 0x000002b8d6ef2800 Exception <a 'java/lang/IncompatibleClassChangeError'{0x0000000711cfca38}: Found class java.lang.Object, but interface was expected> (0x0000000711cfca38) 
thrown [./open/src/hotspot/share/interpreter/linkResolver.cpp, line 832]
Event: 254.217 Thread 0x000002b8fbab8000 Exception <a 'java/lang/LinkageError'{0x00000007120ecfd0}> (0x00000007120ecfd0) 
thrown [./open/src/hotspot/share/oops/generateOopMap.cpp, line 2140]

Events (20 events):
Event: 254.165 Executing VM operation: RedefineClasses
Event: 254.166 Executing VM operation: RedefineClasses done
Event: 254.167 Executing VM operation: GetFrameCount
Event: 254.167 Executing VM operation: GetFrameCount done
Event: 254.167 Executing VM operation: GetFrameCount
Event: 254.167 Executing VM operation: GetFrameCount done
Event: 254.167 Executing VM operation: GetStackTrace
Event: 254.167 Executing VM operation: GetStackTrace done
Event: 254.206 Executing VM operation: ChangeBreakpoints
Event: 254.206 Executing VM operation: ChangeBreakpoints done
Event: 254.207 Executing VM operation: ChangeBreakpoints
Event: 254.207 Executing VM operation: ChangeBreakpoints done
Event: 254.207 Executing VM operation: ChangeBreakpoints
Event: 254.207 Executing VM operation: ChangeBreakpoints done
Event: 254.208 Executing VM operation: GetFrameCount
Event: 254.208 Executing VM operation: GetFrameCount done
Event: 254.208 Executing VM operation: GetStackTrace
Event: 254.208 Executing VM operation: GetStackTrace done
Event: 254.217 Executing VM operation: GetFrameLocation
Event: 254.217 Executing VM operation: GetFrameLocation done


Dynamic libraries:
0x00007ff6b9130000 - 0x00007ff6b913f000 	C:\Program Files\Java\jdk-14.0.2\bin\java.exe
0x00007ffc534b0000 - 0x00007ffc536a6000 	C:\WINDOWS\SYSTEM32\ntdll.dll
0x00007ffc53230000 - 0x00007ffc532ed000 	C:\WINDOWS\System32\KERNEL32.DLL
0x00007ffc50c70000 - 0x00007ffc50f39000 	C:\WINDOWS\System32\KERNELBASE.dll
0x00007ffc51280000 - 0x00007ffc51380000 	C:\WINDOWS\System32\ucrtbase.dll
0x00007ffc4c060000 - 0x00007ffc4c078000 	C:\Program Files\Java\jdk-14.0.2\bin\jli.dll
0x00007ffc4c040000 - 0x00007ffc4c055000 	C:\Program Files\Java\jdk-14.0.2\bin\VCRUNTIME140.dll
0x00007ffc51f20000 - 0x00007ffc51fcc000 	C:\WINDOWS\System32\ADVAPI32.dll
0x00007ffc51fd0000 - 0x00007ffc5206e000 	C:\WINDOWS\System32\msvcrt.dll
0x00007ffc51e80000 - 0x00007ffc51f1c000 	C:\WINDOWS\System32\sechost.dll
0x00007ffc527e0000 - 0x00007ffc5290b000 	C:\WINDOWS\System32\RPCRT4.dll
0x00007ffc52a10000 - 0x00007ffc52bb0000 	C:\WINDOWS\System32\USER32.dll
0x00007ffc51380000 - 0x00007ffc513a2000 	C:\WINDOWS\System32\win32u.dll
0x00007ffc41ef0000 - 0x00007ffc4218b000 	C:\WINDOWS\WinSxS\amd64_microsoft.windows.common-controls_6595b64144ccf1df_6.0.19041.746_none_ca02b4b61b8320a4\COMCTL32.dll
0x00007ffc529e0000 - 0x00007ffc52a0a000 	C:\WINDOWS\System32\GDI32.dll
0x00007ffc50fa0000 - 0x00007ffc510ab000 	C:\WINDOWS\System32\gdi32full.dll
0x00007ffc510e0000 - 0x00007ffc5117d000 	C:\WINDOWS\System32\msvcp_win.dll
0x00007ffc49150000 - 0x00007ffc4915a000 	C:\WINDOWS\SYSTEM32\VERSION.dll
0x00007ffc51510000 - 0x00007ffc51540000 	C:\WINDOWS\System32\IMM32.DLL
0x00007ffc3f010000 - 0x00007ffc3f0ab000 	C:\Program Files\Java\jdk-14.0.2\bin\msvcp140.dll
0x00007ffbf29f0000 - 0x00007ffbf350e000 	C:\Program Files\Java\jdk-14.0.2\bin\server\jvm.dll
0x00007ffc527c0000 - 0x00007ffc527c8000 	C:\WINDOWS\System32\PSAPI.DLL
0x00007ffc46590000 - 0x00007ffc465b7000 	C:\WINDOWS\SYSTEM32\WINMM.dll
0x00007ffc3b820000 - 0x00007ffc3b829000 	C:\WINDOWS\SYSTEM32\WSOCK32.dll
0x00007ffc52970000 - 0x00007ffc529db000 	C:\WINDOWS\System32\WS2_32.dll
0x00007ffc4f4c0000 - 0x00007ffc4f4d2000 	C:\WINDOWS\SYSTEM32\kernel.appcore.dll
0x00007ffc4c010000 - 0x00007ffc4c01a000 	C:\Program Files\Java\jdk-14.0.2\bin\jimage.dll
0x00007ffc4ea40000 - 0x00007ffc4ec24000 	C:\WINDOWS\SYSTEM32\DBGHELP.DLL
0x00007ffc3b830000 - 0x00007ffc3b85c000 	C:\WINDOWS\SYSTEM32\dbgcore.DLL
0x00007ffc50bf0000 - 0x00007ffc50c70000 	C:\WINDOWS\System32\bcryptPrimitives.dll
0x00007ffc496c0000 - 0x00007ffc496f8000 	C:\Program Files\Java\jdk-14.0.2\bin\jdwp.dll
0x00007ffc4bf70000 - 0x00007ffc4bf95000 	C:\Program Files\Java\jdk-14.0.2\bin\java.dll
0x00007ffc4bf40000 - 0x00007ffc4bf4e000 	C:\Program Files\Java\jdk-14.0.2\bin\instrument.dll
0x00007ffc4bf50000 - 0x00007ffc4bf66000 	C:\Program Files\Java\jdk-14.0.2\bin\zip.dll
0x00007ffc52070000 - 0x00007ffc527b2000 	C:\WINDOWS\System32\SHELL32.dll
0x00007ffc4ed20000 - 0x00007ffc4f4b0000 	C:\WINDOWS\SYSTEM32\windows.storage.dll
0x00007ffc515d0000 - 0x00007ffc51926000 	C:\WINDOWS\System32\combase.dll
0x00007ffc50650000 - 0x00007ffc5067c000 	C:\WINDOWS\SYSTEM32\Wldp.dll
0x00007ffc532f0000 - 0x00007ffc5339e000 	C:\WINDOWS\System32\SHCORE.dll
0x00007ffc52c30000 - 0x00007ffc52c85000 	C:\WINDOWS\System32\shlwapi.dll
0x00007ffc50b20000 - 0x00007ffc50b46000 	C:\WINDOWS\SYSTEM32\profapi.dll
0x00007ffc4bf30000 - 0x00007ffc4bf3b000 	C:\Program Files\Java\jdk-14.0.2\bin\dt_socket.dll
0x00007ffc50070000 - 0x00007ffc500ab000 	C:\WINDOWS\SYSTEM32\IPHLPAPI.DLL
0x00007ffc503d0000 - 0x00007ffc5043a000 	C:\WINDOWS\system32\mswsock.dll
0x00007ffc48c00000 - 0x00007ffc48c19000 	C:\Program Files\Java\jdk-14.0.2\bin\net.dll
0x00007ffc49880000 - 0x00007ffc49980000 	C:\WINDOWS\SYSTEM32\WINHTTP.dll
0x00007ffc48980000 - 0x00007ffc48992000 	C:\Program Files\Java\jdk-14.0.2\bin\nio.dll
0x00007ffc49c30000 - 0x00007ffc49c40000 	C:\Program Files\Java\jdk-14.0.2\bin\verify.dll

dbghelp: loaded successfully - version: 4.0.5 - missing functions: none
symbol engine: initialized successfully - sym options: 0x614 - pdb path: .;C:\Program Files\Java\jdk-14.0.2\bin;C:\WINDOWS\SYSTEM32;C:\WINDOWS\WinSxS\amd64_microsoft.windows.common-controls_6595b64144ccf1df_6.0.19041.746_none_ca02b4b61b8320a4;C:\Program Files\Java\jdk-14.0.2\bin\server

VM Arguments:
jvm_args: -agentlib:jdwp=transport=dt_socket,address=127.0.0.1:49806,suspend=y,server=n -ea -Didea.test.cyclic.buffer.size=1048576 -javaagent:C:\Users\12164\AppData\Local\JetBrains\IntelliJIdea2020.3\captureAgent\debugger-agent.jar -Dfile.encoding=GBK 
java_command: com.intellij.rt.junit.JUnitStarter -ideVersion5 -junit4 com.leetcode.algorithm.No132.SolutionTest,minCut
java_class_path (initial): C:\Program Files\JetBrains\IntelliJ IDEA 2020.3.1\lib\idea_rt.jar;C:\Program Files\JetBrains\IntelliJ IDEA 2020.3.1\plugins\junit\lib\junit5-rt.jar;C:\Program Files\JetBrains\IntelliJ IDEA 2020.3.1\plugins\junit\lib\junit-rt.jar;D:\theCode\LeetCode\target\test-classes;D:\theCode\LeetCode\target\classes;D:\theCode\Maven\junit\junit\4.12\junit-4.12.jar;D:\theCode\Maven\org\hamcrest\hamcrest-core\1.3\hamcrest-core-1.3.jar;D:\theCode\Maven\org\junit\jupiter\junit-jupiter\5.8.0-M1\junit-jupiter-5.8.0-M1.jar;D:\theCode\Maven\org\junit\jupiter\junit-jupiter-api\5.8.0-M1\junit-jupiter-api-5.8.0-M1.jar;D:\theCode\Maven\org\apiguardian\apiguardian-api\1.1.1\apiguardian-api-1.1.1.jar;D:\theCode\Maven\org\opentest4j\opentest4j\1.2.0\opentest4j-1.2.0.jar;D:\theCode\Maven\org\junit\platform\junit-platform-commons\1.8.0-M1\junit-platform-commons-1.8.0-M1.jar;D:\theCode\Maven\org\junit\jupiter\junit-jupiter-params\5.8.0-M1\junit-jupiter-params-5.8.0-M1.jar;D:\theCode\Maven\org\junit\jupiter\junit-jupiter-engine\5.8.0-M1\junit-jupiter-engine-5.8.0-M1.jar;D:\theCode\Maven\org\junit\platform\junit-platform-engine\1.8.0-M1\junit-platform-engine-1.8.0-M1.jar;D:\theCode\Maven\org\jetbrains\kotlin\kotlin-stdlib-jdk8\1.4.20\kotlin-stdlib-jdk8-1.4.20.jar;D:\theCode\Maven\org\jetbrains\kotlin\kotlin-stdlib\1.4.20\kotlin-stdlib-1.4.20.jar;D:\theCode\Maven\org\jetbrains\kotlin\kotlin-stdlib-common\1.4.20\kotlin-stdlib-common-1.4.20.jar;D:\theCode\Maven\org\jetbrains\annotations\13.0\annotations-13.0.jar;D:\theCode\Maven\org\jetbrains\kotlin\kotlin-stdlib-jdk7\1.4.20\kotlin-stdlib-jdk7-1.4.20.jar;D:\theCode\Maven\org\testng\testng\7.4.0\testng-7.4.0.jar;D:\theCode\Maven\com\beust\jcommander\1.78\jcommander-1.78.jar;D:\theCode\Maven\org\webjars\jquery\3.5.1\jquery-3.5.1.jar
Launcher Type: SUN_STANDARD

[Global flags]
     intx CICompilerCount                          = 4                                         {product} {ergonomic}
     uint ConcGCThreads                            = 3                                         {product} {ergonomic}
     uint G1ConcRefinementThreads                  = 10                                        {product} {ergonomic}
   size_t G1HeapRegionSize                         = 1048576                                   {product} {ergonomic}
    uintx GCDrainStackTargetSize                   = 64                                        {product} {ergonomic}
   size_t InitialHeapSize                          = 266338304                                 {product} {ergonomic}
   size_t MarkStackSize                            = 4194304                                   {product} {ergonomic}
   size_t MaxHeapSize                              = 4257218560                                {product} {ergonomic}
   size_t MaxNewSize                               = 2554331136                                {product} {ergonomic}
   size_t MinHeapDeltaBytes                        = 1048576                                   {product} {ergonomic}
   size_t MinHeapSize                              = 8388608                                   {product} {ergonomic}
    uintx NonNMethodCodeHeapSize                   = 5839372                                {pd product} {ergonomic}
    uintx NonProfiledCodeHeapSize                  = 122909434                              {pd product} {ergonomic}
    uintx ProfiledCodeHeapSize                     = 122909434                              {pd product} {ergonomic}
    uintx ReservedCodeCacheSize                    = 251658240                              {pd product} {ergonomic}
     bool SegmentedCodeCache                       = true                                      {product} {ergonomic}
   size_t SoftMaxHeapSize                          = 4257218560                             {manageable} {ergonomic}
     bool UseCompressedClassPointers               = true                                 {lp64_product} {ergonomic}
     bool UseCompressedOops                        = true                                 {lp64_product} {ergonomic}
     bool UseG1GC                                  = true                                      {product} {ergonomic}
     bool UseLargePagesIndividualAllocation        = false                                  {pd product} {ergonomic}

Logging:
Log output configuration:
 #0: stdout all=warning uptime,level,tags
 #1: stderr all=off uptime,level,tags

Environment Variables:
JAVA_HOME=C:\Program Files\Java\jdk-14.0.2
CLASSPATH=.;C:\Program Files\Java\jdk-14.0.2\lib;C:\Program Files\Java\jdk-14.0.2\lib\dt.jar;C:\Program Files\Java\jdk-14.0.2\lib\tools.jar;
PATH=C:\Program Files\Java\jdk-14.0.2\bin;C:\Program Files (x86)\VMware\VMware Workstation\bin\;C:\Program Files (x86)\Common Files\Intel\Shared Libraries\redist\intel64\compiler;C:\Program Files\Java\jdk-14.0.2\bin;C:\Windows\system32;C:\Windows;C:\Windows\System32\Wbem;C:\Windows\System32\WindowsPowerShell\v1.0\;C:\Windows\System32\OpenSSH\;C:\Program Files (x86)\NVIDIA Corporation\PhysX\Common;C:\Program Files\NVIDIA Corporation\NVIDIA NvDLISR;C:\Program Files (x86)\Intel\Intel(R) Management Engine Components\DAL;C:\Program Files\Intel\Intel(R) Management Engine Components\DAL;C:\Program Files\Intel\WiFi\bin\;C:\Program Files\Common Files\Intel\WirelessCommon\;C:\Program Files\dotnet\;C:\Program Files\Git\cmd;D:\apache-maven-3.6.3\bin;D:\nexus-3.28.1-01-win64\nexus-3.28.1-01\bin;C:\WINDOWS\system32;C:\WINDOWS;C:\WINDOWS\System32\Wbem;C:\WINDOWS\System32\WindowsPowerShell\v1.0\;C:\WINDOWS\System32\OpenSSH\;C:\Program Files\MySQL\MySQL Server 8.0\\bin;C:\Users\12164\AppData\Local\Microsoft\WindowsApps;C:\Users\12164\AppData\Local\Programs\Microsoft VS Code\bin;
USERNAME=12164
OS=Windows_NT
PROCESSOR_IDENTIFIER=Intel64 Family 6 Model 158 Stepping 13, GenuineIntel



---------------  S Y S T E M  ---------------

OS: Windows 10 , 64 bit Build 19041 (10.0.19041.804)
OS uptime: 0 days 4:58 hours

CPU:total 12 (initial active 12) (6 cores per cpu, 2 threads per core) family 6 model 158 stepping 13, cmov, cx8, fxsr, mmx, sse, sse2, sse3, ssse3, sse4.1, sse4.2, popcnt, avx, avx2, aes, clmul, erms, 3dnowpref, lzcnt, ht, tsc, tscinvbit, bmi1, bmi2, adx, fma

Memory: 4k page, system-wide physical 16235M (8160M free)
TotalPageFile size 18667M (AvailPageFile size 7910M)
current process WorkingSet (physical memory assigned to process): 45M, peak: 51M
current process commit charge ("private bytes"): 352M, peak: 359M

vm_info: Java HotSpot(TM) 64-Bit Server VM (14.0.2+12-46) for windows-amd64 JRE (14.0.2+12-46), built on Jul  9 2020 00:35:52 by "mach5one" with MS VC++ 15.9 (VS2017)

END.
